2022-05-18 00:03:28,971 INFO o.a.j.u.JMeterUtils: Setting Locale to en_EN
2022-05-18 00:03:28,991 INFO o.a.j.JMeter: Loading user properties from: /Users/Codi.Huston/brew/Cellar/jmeter/5.4.3/libexec/bin/user.properties
2022-05-18 00:03:28,992 INFO o.a.j.JMeter: Loading system properties from: /Users/Codi.Huston/brew/Cellar/jmeter/5.4.3/libexec/bin/system.properties
2022-05-18 00:03:28,996 INFO o.a.j.JMeter: Copyright (c) 1998-2021 The Apache Software Foundation
2022-05-18 00:03:28,997 INFO o.a.j.JMeter: Version 5.4.3
2022-05-18 00:03:28,997 INFO o.a.j.JMeter: java.version=18.0.1
2022-05-18 00:03:28,997 INFO o.a.j.JMeter: java.vm.name=OpenJDK 64-Bit Server VM
2022-05-18 00:03:28,997 INFO o.a.j.JMeter: os.name=Mac OS X
2022-05-18 00:03:28,997 INFO o.a.j.JMeter: os.arch=x86_64
2022-05-18 00:03:28,997 INFO o.a.j.JMeter: os.version=12.3.1
2022-05-18 00:03:28,997 INFO o.a.j.JMeter: file.encoding=UTF-8
2022-05-18 00:03:28,997 INFO o.a.j.JMeter: java.awt.headless=null
2022-05-18 00:03:28,997 INFO o.a.j.JMeter: Max memory     =1073741824
2022-05-18 00:03:28,997 INFO o.a.j.JMeter: Available Processors =16
2022-05-18 00:03:29,005 INFO o.a.j.JMeter: Default Locale=English (EN)
2022-05-18 00:03:29,005 INFO o.a.j.JMeter: JMeter  Locale=English (EN)
2022-05-18 00:03:29,005 INFO o.a.j.JMeter: JMeterHome=/Users/Codi.Huston/brew/Cellar/jmeter/5.4.3/libexec
2022-05-18 00:03:29,005 INFO o.a.j.JMeter: user.dir  =/Users/Codi.Huston/git/pg-memleak
2022-05-18 00:03:29,005 INFO o.a.j.JMeter: PWD       =/Users/Codi.Huston/git/pg-memleak
2022-05-18 00:03:29,006 INFO o.a.j.JMeter: IP: 192.168.1.89 Name: NG-CODI-H FullName: 192.168.1.89
2022-05-18 00:03:30,869 INFO o.a.j.JMeter: Setting LAF to: com.github.weisj.darklaf.DarkLaf:com.github.weisj.darklaf.theme.DarculaTheme
2022-05-18 00:03:31,431 INFO o.a.j.JMeter: Loaded icon properties from org/apache/jmeter/images/icon.properties
2022-05-18 00:03:32,314 INFO o.j.r.JARSourceHTTP: Found cached repo
2022-05-18 00:03:32,424 INFO o.j.r.PluginManager: Plugins Status: [jpgc-plugins-manager=1.7, jmeter-core=5.4.3, jmeter-ftp=5.4.3, jmeter-http=5.4.3, jmeter-jdbc=5.4.3, jmeter-jms=5.4.3, jmeter-junit=5.4.3, jmeter-java=5.4.3, jmeter-ldap=5.4.3, jmeter-mail=5.4.3, jmeter-mongodb=5.4.3, jmeter-native=5.4.3, jmeter-tcp=5.4.3, jmeter-components=5.4.3]
2022-05-18 00:03:36,666 INFO o.a.j.s.FileServer: Default base='/Users/Codi.Huston/git/pg-memleak'
2022-05-18 00:03:36,668 INFO o.a.j.g.a.Load: Loading file: /Users/Codi.Huston/Downloads/secrets-performance.jmx
2022-05-18 00:03:36,668 INFO o.a.j.s.FileServer: Set new base='/Users/Codi.Huston/Downloads'
2022-05-18 00:03:36,803 INFO o.a.j.s.SaveService: Testplan (JMX) version: 2.2. Testlog (JTL) version: 2.2
2022-05-18 00:03:36,810 INFO o.a.j.s.SaveService: Using SaveService properties version 5.0
2022-05-18 00:03:36,811 INFO o.a.j.s.SaveService: Using SaveService properties file encoding UTF-8
2022-05-18 00:03:36,813 INFO o.a.j.s.SaveService: Loading file: /Users/Codi.Huston/Downloads/secrets-performance.jmx
2022-05-18 00:03:36,938 INFO o.a.j.p.h.s.HTTPSamplerBase: Parser for text/html is org.apache.jmeter.protocol.http.parser.LagartoBasedHtmlParser
2022-05-18 00:03:36,938 INFO o.a.j.p.h.s.HTTPSamplerBase: Parser for application/xhtml+xml is org.apache.jmeter.protocol.http.parser.LagartoBasedHtmlParser
2022-05-18 00:03:36,938 INFO o.a.j.p.h.s.HTTPSamplerBase: Parser for application/xml is org.apache.jmeter.protocol.http.parser.LagartoBasedHtmlParser
2022-05-18 00:03:36,938 INFO o.a.j.p.h.s.HTTPSamplerBase: Parser for text/xml is org.apache.jmeter.protocol.http.parser.LagartoBasedHtmlParser
2022-05-18 00:03:36,938 INFO o.a.j.p.h.s.HTTPSamplerBase: Parser for text/vnd.wap.wml is org.apache.jmeter.protocol.http.parser.RegexpHTMLParser
2022-05-18 00:03:36,938 INFO o.a.j.p.h.s.HTTPSamplerBase: Parser for text/css is org.apache.jmeter.protocol.http.parser.CssParser
2022-05-18 00:03:37,316 INFO o.a.j.s.SampleResult: Note: Sample TimeStamps are START times
2022-05-18 00:03:37,316 INFO o.a.j.s.SampleResult: sampleresult.default.encoding is set to ISO-8859-1
2022-05-18 00:03:37,316 INFO o.a.j.s.SampleResult: sampleresult.useNanoTime=true
2022-05-18 00:03:37,316 INFO o.a.j.s.SampleResult: sampleresult.nanoThreadSleep=5000
2022-05-18 00:03:37,434 INFO o.a.j.v.ViewResultsFullVisualizer: Add JavaFX to your Java installation if you want to use renderer: org.apache.jmeter.visualizers.RenderInBrowser
2022-05-18 00:03:37,518 INFO o.a.j.s.FileServer: Set new base='/Users/Codi.Huston/Downloads'
2022-05-18 00:03:37,551 ERROR o.a.j.JMeter: Uncaught exception in thread Thread[AWT-EventQueue-0,6,main]
java.lang.IllegalAccessError: class com.github.weisj.darklaf.ui.filechooser.DarkFilePaneUIBridge$DetailsTableModel (in unnamed module @0x64c87930) cannot access class sun.awt.shell.ShellFolder (in module java.desktop) because module java.desktop does not export sun.awt.shell to unnamed module @0x64c87930
	at com.github.weisj.darklaf.ui.filechooser.DarkFilePaneUIBridge$DetailsTableModel.updateColumnInfo(DarkFilePaneUIBridge.java:1128) ~[darklaf-core-2.5.4.jar:2.5.4]
	at com.github.weisj.darklaf.ui.filechooser.DarkFilePaneUIBridge$DetailsTableModel.<init>(DarkFilePaneUIBridge.java:1115) ~[darklaf-core-2.5.4.jar:2.5.4]
	at com.github.weisj.darklaf.ui.filechooser.DarkFilePaneUIBridge.getDetailsTableModel(DarkFilePaneUIBridge.java:576) ~[darklaf-core-2.5.4.jar:2.5.4]
	at com.github.weisj.darklaf.ui.filechooser.DarkFilePaneUIBridge$SortableListModel.<init>(DarkFilePaneUIBridge.java:1079) ~[darklaf-core-2.5.4.jar:2.5.4]
	at com.github.weisj.darklaf.ui.filechooser.DarkFilePane.createList(DarkFilePane.java:137) ~[darklaf-core-2.5.4.jar:2.5.4]
	at com.github.weisj.darklaf.ui.filechooser.DarkFileChooserUIBridge.createList(DarkFileChooserUIBridge.java:585) ~[darklaf-core-2.5.4.jar:2.5.4]
	at com.github.weisj.darklaf.ui.filechooser.DarkFileChooserUIBridge$MetalFileChooserUIAccessor.createList(DarkFileChooserUIBridge.java:750) ~[darklaf-core-2.5.4.jar:2.5.4]
	at com.github.weisj.darklaf.ui.filechooser.DarkFilePaneUIBridge.setViewType(DarkFilePaneUIBridge.java:376) ~[darklaf-core-2.5.4.jar:2.5.4]
	at com.github.weisj.darklaf.ui.filechooser.DarkFilePaneUIBridge.propertyChange(DarkFilePaneUIBridge.java:890) ~[darklaf-core-2.5.4.jar:2.5.4]
	at java.beans.PropertyChangeSupport.fire(PropertyChangeSupport.java:343) ~[?:?]
	at java.beans.PropertyChangeSupport.firePropertyChange(PropertyChangeSupport.java:335) ~[?:?]
	at java.beans.PropertyChangeSupport.firePropertyChange(PropertyChangeSupport.java:268) ~[?:?]
	at java.awt.Component.firePropertyChange(Component.java:8712) ~[?:?]
	at javax.swing.JComponent.setUI(JComponent.java:743) ~[?:?]
	at javax.swing.JFileChooser.updateUI(JFileChooser.java:1840) ~[?:?]
	at javax.swing.JFileChooser.setup(JFileChooser.java:397) ~[?:?]
	at javax.swing.JFileChooser.<init>(JFileChooser.java:363) ~[?:?]
	at javax.swing.JFileChooser.<init>(JFileChooser.java:310) ~[?:?]
	at org.apache.jmeter.gui.util.FileDialoger.<clinit>(FileDialoger.java:42) ~[ApacheJMeter_core.jar:5.4.3]
	at org.apache.jmeter.gui.action.Load.loadProjectFile(Load.java:156) ~[ApacheJMeter_core.jar:5.4.3]
	at org.apache.jmeter.gui.action.Load.loadProjectFile(Load.java:101) ~[ApacheJMeter_core.jar:5.4.3]
	at org.apache.jmeter.gui.action.LoadDraggedFile.loadProject(LoadDraggedFile.java:37) ~[ApacheJMeter_core.jar:5.4.3]
	at org.apache.jmeter.gui.MainFrame.openJmxFilesFromDragAndDrop(MainFrame.java:855) ~[ApacheJMeter_core.jar:5.4.3]
	at org.apache.jmeter.gui.tree.JMeterTreeTransferHandler.importData(JMeterTreeTransferHandler.java:207) ~[ApacheJMeter_core.jar:5.4.3]
	at javax.swing.TransferHandler$DropHandler.drop(TransferHandler.java:1544) ~[?:?]
	at java.awt.dnd.DropTarget.drop(DropTarget.java:455) ~[?:?]
	at javax.swing.TransferHandler$SwingDropTarget.drop(TransferHandler.java:1282) ~[?:?]
	at sun.awt.dnd.SunDropTargetContextPeer.processDropMessage(SunDropTargetContextPeer.java:548) ~[?:?]
	at sun.lwawt.macosx.CDropTargetContextPeer.processDropMessage(CDropTargetContextPeer.java:129) ~[?:?]
	at sun.awt.dnd.SunDropTargetContextPeer$EventDispatcher.dispatchDropEvent(SunDropTargetContextPeer.java:864) ~[?:?]
	at sun.awt.dnd.SunDropTargetContextPeer$EventDispatcher.dispatchEvent(SunDropTargetContextPeer.java:788) ~[?:?]
	at sun.awt.dnd.SunDropTargetEvent.dispatch(SunDropTargetEvent.java:48) ~[?:?]
	at java.awt.Component.dispatchEventImpl(Component.java:4856) ~[?:?]
	at java.awt.Container.dispatchEventImpl(Container.java:2324) ~[?:?]
	at java.awt.Component.dispatchEvent(Component.java:4823) ~[?:?]
	at java.awt.LightweightDispatcher.retargetMouseEvent(Container.java:4948) ~[?:?]
	at java.awt.LightweightDispatcher.processDropTargetEvent(Container.java:4649) ~[?:?]
	at java.awt.LightweightDispatcher.dispatchEvent(Container.java:4511) ~[?:?]
	at java.awt.Container.dispatchEventImpl(Container.java:2310) ~[?:?]
	at java.awt.Window.dispatchEventImpl(Window.java:2780) ~[?:?]
	at java.awt.Component.dispatchEvent(Component.java:4823) ~[?:?]
	at java.awt.EventQueue.dispatchEventImpl(EventQueue.java:775) ~[?:?]
	at java.awt.EventQueue$4.run(EventQueue.java:720) ~[?:?]
	at java.awt.EventQueue$4.run(EventQueue.java:714) ~[?:?]
	at java.security.AccessController.doPrivileged(AccessController.java:399) ~[?:?]
	at java.security.ProtectionDomain$JavaSecurityAccessImpl.doIntersectionPrivilege(ProtectionDomain.java:86) ~[?:?]
	at java.security.ProtectionDomain$JavaSecurityAccessImpl.doIntersectionPrivilege(ProtectionDomain.java:97) ~[?:?]
	at java.awt.EventQueue$5.run(EventQueue.java:747) ~[?:?]
	at java.awt.EventQueue$5.run(EventQueue.java:745) ~[?:?]
	at java.security.AccessController.doPrivileged(AccessController.java:399) ~[?:?]
	at java.security.ProtectionDomain$JavaSecurityAccessImpl.doIntersectionPrivilege(ProtectionDomain.java:86) ~[?:?]
	at java.awt.EventQueue.dispatchEvent(EventQueue.java:744) ~[?:?]
	at java.awt.EventDispatchThread.pumpOneEventForFilters(EventDispatchThread.java:203) [?:?]
	at java.awt.EventDispatchThread.pumpEventsForFilter(EventDispatchThread.java:124) [?:?]
	at java.awt.EventDispatchThread.pumpEventsForHierarchy(EventDispatchThread.java:113) [?:?]
	at java.awt.EventDispatchThread.pumpEvents(EventDispatchThread.java:109) [?:?]
	at java.awt.EventDispatchThread.pumpEvents(EventDispatchThread.java:101) [?:?]
	at java.awt.EventDispatchThread.run(EventDispatchThread.java:90) [?:?]
